{"C:\\Users\\ADMIN\\Desktop\\expenseTracker\\backend\\src\\BasicUtils.ts": {"path":"C:\\Users\\ADMIN\\Desktop\\expenseTracker\\backend\\src\\BasicUtils.ts","statementMap":{"0":{"start":{"line":1,"column":0},"end":{"line":1,"column":16}},"1":{"start":{"line":2,"column":4},"end":{"line":2,"column":17}}},"fnMap":{"0":{"name":"product","decl":{"start":{"line":1,"column":16},"end":{"line":1,"column":23}},"loc":{"start":{"line":1,"column":44},"end":{"line":3,"column":1}}}},"branchMap":{},"s":{"0":1,"1":1},"f":{"0":1},"b":{}}
,"C:\\Users\\ADMIN\\Desktop\\expenseTracker\\backend\\src\\index.ts": {"path":"C:\\Users\\ADMIN\\Desktop\\expenseTracker\\backend\\src\\index.ts","statementMap":{"0":{"start":{"line":1,"column":0},"end":{"line":1,"column":30}},"1":{"start":{"line":2,"column":0},"end":{"line":2,"column":28}},"2":{"start":{"line":3,"column":0},"end":{"line":3,"column":38}},"3":{"start":{"line":4,"column":0},"end":{"line":4,"column":52}},"4":{"start":{"line":5,"column":0},"end":{"line":5,"column":46}},"5":{"start":{"line":7,"column":0},"end":{"line":7,"column":16}},"6":{"start":{"line":9,"column":12},"end":{"line":9,"column":21}},"7":{"start":{"line":10,"column":0},"end":{"line":10,"column":24}},"8":{"start":{"line":13,"column":0},"end":{"line":13,"column":24}},"9":{"start":{"line":16,"column":0},"end":{"line":18,"column":3}},"10":{"start":{"line":17,"column":4},"end":{"line":17,"column":49}},"11":{"start":{"line":21,"column":0},"end":{"line":21,"column":19}},"12":{"start":{"line":23,"column":0},"end":{"line":23,"column":16}},"13":{"start":{"line":26,"column":13},"end":{"line":26,"column":37}},"14":{"start":{"line":27,"column":0},"end":{"line":29,"column":3}},"15":{"start":{"line":28,"column":4},"end":{"line":28,"column":71}},"16":{"start":{"line":32,"column":0},"end":{"line":34,"column":68}},"17":{"start":{"line":33,"column":16},"end":{"line":33,"column":49}},"18":{"start":{"line":34,"column":18},"end":{"line":34,"column":66}}},"fnMap":{"0":{"name":"(anonymous_1)","decl":{"start":{"line":16,"column":13},"end":{"line":16,"column":14}},"loc":{"start":{"line":16,"column":24},"end":{"line":18,"column":1}}},"1":{"name":"(anonymous_2)","decl":{"start":{"line":27,"column":17},"end":{"line":27,"column":20}},"loc":{"start":{"line":27,"column":22},"end":{"line":29,"column":1}}},"2":{"name":"(anonymous_3)","decl":{"start":{"line":33,"column":10},"end":{"line":33,"column":13}},"loc":{"start":{"line":33,"column":16},"end":{"line":33,"column":49}}},"3":{"name":"(anonymous_4)","decl":{"start":{"line":34,"column":11},"end":{"line":34,"column":14}},"loc":{"start":{"line":34,"column":18},"end":{"line":34,"column":66}}}},"branchMap":{"0":{"loc":{"start":{"line":26,"column":13},"end":{"line":26,"column":37}},"type":"binary-expr","locations":[{"start":{"line":26,"column":13},"end":{"line":26,"column":29}},{"start":{"line":26,"column":33},"end":{"line":26,"column":37}}]}},"s":{"0":0,"1":0,"2":0,"3":0,"4":0,"5":0,"6":0,"7":0,"8":0,"9":0,"10":0,"11":0,"12":0,"13":0,"14":0,"15":0,"16":0,"17":0,"18":0},"f":{"0":0,"1":0,"2":0,"3":0},"b":{"0":[0,0]}}
,"C:\\Users\\ADMIN\\Desktop\\expenseTracker\\backend\\src\\controllers\\expense.controllers.ts": {"path":"C:\\Users\\ADMIN\\Desktop\\expenseTracker\\backend\\src\\controllers\\expense.controllers.ts","statementMap":{"0":{"start":{"line":4,"column":0},"end":{"line":4,"column":62}},"1":{"start":{"line":7,"column":27},"end":{"line":14,"column":1}},"2":{"start":{"line":8,"column":4},"end":{"line":13,"column":5}},"3":{"start":{"line":9,"column":22},"end":{"line":9,"column":57}},"4":{"start":{"line":10,"column":8},"end":{"line":10,"column":38}},"5":{"start":{"line":12,"column":8},"end":{"line":12,"column":78}},"6":{"start":{"line":7,"column":13},"end":{"line":7,"column":27}},"7":{"start":{"line":16,"column":26},"end":{"line":27,"column":1}},"8":{"start":{"line":19,"column":4},"end":{"line":26,"column":5}},"9":{"start":{"line":20,"column":30},"end":{"line":20,"column":38}},"10":{"start":{"line":21,"column":22},"end":{"line":21,"column":72}},"11":{"start":{"line":22,"column":8},"end":{"line":22,"column":37}},"12":{"start":{"line":24,"column":8},"end":{"line":24,"column":29}},"13":{"start":{"line":25,"column":8},"end":{"line":25,"column":67}},"14":{"start":{"line":16,"column":13},"end":{"line":16,"column":26}},"15":{"start":{"line":30,"column":30},"end":{"line":44,"column":1}},"16":{"start":{"line":31,"column":15},"end":{"line":31,"column":38}},"17":{"start":{"line":32,"column":4},"end":{"line":43,"column":5}},"18":{"start":{"line":33,"column":24},"end":{"line":33,"column":59}},"19":{"start":{"line":34,"column":8},"end":{"line":34,"column":38}},"20":{"start":{"line":36,"column":8},"end":{"line":41,"column":9}},"21":{"start":{"line":37,"column":12},"end":{"line":37,"column":75}},"22":{"start":{"line":39,"column":13},"end":{"line":41,"column":9}},"23":{"start":{"line":40,"column":12},"end":{"line":40,"column":74}},"24":{"start":{"line":42,"column":8},"end":{"line":42,"column":77}},"25":{"start":{"line":30,"column":13},"end":{"line":30,"column":30}},"26":{"start":{"line":47,"column":33},"end":{"line":61,"column":1}},"27":{"start":{"line":48,"column":15},"end":{"line":48,"column":38}},"28":{"start":{"line":49,"column":4},"end":{"line":60,"column":5}},"29":{"start":{"line":50,"column":23},"end":{"line":50,"column":61}},"30":{"start":{"line":51,"column":8},"end":{"line":51,"column":37}},"31":{"start":{"line":53,"column":6},"end":{"line":58,"column":9}},"32":{"start":{"line":54,"column":12},"end":{"line":54,"column":75}},"33":{"start":{"line":56,"column":13},"end":{"line":58,"column":9}},"34":{"start":{"line":57,"column":12},"end":{"line":57,"column":74}},"35":{"start":{"line":59,"column":8},"end":{"line":59,"column":75}},"36":{"start":{"line":47,"column":13},"end":{"line":47,"column":33}},"37":{"start":{"line":65,"column":33},"end":{"line":80,"column":1}},"38":{"start":{"line":66,"column":15},"end":{"line":66,"column":38}},"39":{"start":{"line":67,"column":20},"end":{"line":67,"column":28}},"40":{"start":{"line":68,"column":4},"end":{"line":79,"column":5}},"41":{"start":{"line":69,"column":23},"end":{"line":69,"column":70}},"42":{"start":{"line":70,"column":8},"end":{"line":70,"column":37}},"43":{"start":{"line":72,"column":8},"end":{"line":77,"column":9}},"44":{"start":{"line":73,"column":12},"end":{"line":73,"column":75}},"45":{"start":{"line":75,"column":13},"end":{"line":77,"column":9}},"46":{"start":{"line":76,"column":12},"end":{"line":76,"column":74}},"47":{"start":{"line":78,"column":8},"end":{"line":78,"column":76}},"48":{"start":{"line":65,"column":13},"end":{"line":65,"column":33}}},"fnMap":{"0":{"name":"(anonymous_9)","decl":{"start":{"line":7,"column":27},"end":{"line":7,"column":32}},"loc":{"start":{"line":7,"column":63},"end":{"line":14,"column":1}}},"1":{"name":"(anonymous_10)","decl":{"start":{"line":16,"column":26},"end":{"line":16,"column":31}},"loc":{"start":{"line":16,"column":64},"end":{"line":27,"column":1}}},"2":{"name":"(anonymous_11)","decl":{"start":{"line":30,"column":30},"end":{"line":30,"column":35}},"loc":{"start":{"line":30,"column":68},"end":{"line":44,"column":1}}},"3":{"name":"(anonymous_12)","decl":{"start":{"line":47,"column":33},"end":{"line":47,"column":38}},"loc":{"start":{"line":47,"column":71},"end":{"line":61,"column":1}}},"4":{"name":"(anonymous_13)","decl":{"start":{"line":65,"column":33},"end":{"line":65,"column":38}},"loc":{"start":{"line":65,"column":71},"end":{"line":80,"column":1}}}},"branchMap":{"0":{"loc":{"start":{"line":36,"column":8},"end":{"line":41,"column":9}},"type":"if","locations":[{"start":{"line":36,"column":8},"end":{"line":41,"column":9}},{"start":{"line":39,"column":13},"end":{"line":41,"column":9}}]},"1":{"loc":{"start":{"line":39,"column":13},"end":{"line":41,"column":9}},"type":"if","locations":[{"start":{"line":39,"column":13},"end":{"line":41,"column":9}},{"start":{},"end":{}}]},"2":{"loc":{"start":{"line":53,"column":6},"end":{"line":58,"column":9}},"type":"if","locations":[{"start":{"line":53,"column":6},"end":{"line":58,"column":9}},{"start":{"line":56,"column":13},"end":{"line":58,"column":9}}]},"3":{"loc":{"start":{"line":56,"column":13},"end":{"line":58,"column":9}},"type":"if","locations":[{"start":{"line":56,"column":13},"end":{"line":58,"column":9}},{"start":{},"end":{}}]},"4":{"loc":{"start":{"line":72,"column":8},"end":{"line":77,"column":9}},"type":"if","locations":[{"start":{"line":72,"column":8},"end":{"line":77,"column":9}},{"start":{"line":75,"column":13},"end":{"line":77,"column":9}}]},"5":{"loc":{"start":{"line":75,"column":13},"end":{"line":77,"column":9}},"type":"if","locations":[{"start":{"line":75,"column":13},"end":{"line":77,"column":9}},{"start":{},"end":{}}]}},"s":{"0":0,"1":0,"2":0,"3":0,"4":0,"5":0,"6":0,"7":0,"8":0,"9":0,"10":0,"11":0,"12":0,"13":0,"14":0,"15":0,"16":0,"17":0,"18":0,"19":0,"20":0,"21":0,"22":0,"23":0,"24":0,"25":0,"26":0,"27":0,"28":0,"29":0,"30":0,"31":0,"32":0,"33":0,"34":0,"35":0,"36":0,"37":0,"38":0,"39":0,"40":0,"41":0,"42":0,"43":0,"44":0,"45":0,"46":0,"47":0,"48":0},"f":{"0":0,"1":0,"2":0,"3":0,"4":0},"b":{"0":[0,0],"1":[0,0],"2":[0,0],"3":[0,0],"4":[0,0],"5":[0,0]}}
,"C:\\Users\\ADMIN\\Desktop\\expenseTracker\\backend\\src\\controllers\\user.controller.ts": {"path":"C:\\Users\\ADMIN\\Desktop\\expenseTracker\\backend\\src\\controllers\\user.controller.ts","statementMap":{"0":{"start":{"line":2,"column":0},"end":{"line":2,"column":56}},"1":{"start":{"line":7,"column":27},"end":{"line":15,"column":1}},"2":{"start":{"line":9,"column":5},"end":{"line":14,"column":6}},"3":{"start":{"line":10,"column":22},"end":{"line":10,"column":51}},"4":{"start":{"line":11,"column":8},"end":{"line":11,"column":36}},"5":{"start":{"line":13,"column":8},"end":{"line":13,"column":75}},"6":{"start":{"line":7,"column":13},"end":{"line":7,"column":27}},"7":{"start":{"line":18,"column":27},"end":{"line":32,"column":1}},"8":{"start":{"line":19,"column":15},"end":{"line":19,"column":38}},"9":{"start":{"line":20,"column":4},"end":{"line":31,"column":5}},"10":{"start":{"line":21,"column":22},"end":{"line":21,"column":51}},"11":{"start":{"line":22,"column":8},"end":{"line":22,"column":35}},"12":{"start":{"line":24,"column":8},"end":{"line":30,"column":9}},"13":{"start":{"line":25,"column":12},"end":{"line":25,"column":null}},"14":{"start":{"line":26,"column":15},"end":{"line":30,"column":9}},"15":{"start":{"line":27,"column":12},"end":{"line":27,"column":null}},"16":{"start":{"line":29,"column":12},"end":{"line":29,"column":59}},"17":{"start":{"line":18,"column":13},"end":{"line":18,"column":27}},"18":{"start":{"line":37,"column":26},"end":{"line":53,"column":1}},"19":{"start":{"line":38,"column":15},"end":{"line":38,"column":38}},"20":{"start":{"line":40,"column":4},"end":{"line":52,"column":5}},"21":{"start":{"line":41,"column":22},"end":{"line":41,"column":30}},"22":{"start":{"line":42,"column":23},"end":{"line":42,"column":61}},"23":{"start":{"line":43,"column":8},"end":{"line":43,"column":37}},"24":{"start":{"line":45,"column":8},"end":{"line":51,"column":9}},"25":{"start":{"line":46,"column":12},"end":{"line":46,"column":null}},"26":{"start":{"line":47,"column":15},"end":{"line":51,"column":9}},"27":{"start":{"line":48,"column":12},"end":{"line":48,"column":null}},"28":{"start":{"line":50,"column":12},"end":{"line":50,"column":59}},"29":{"start":{"line":37,"column":13},"end":{"line":37,"column":26}},"30":{"start":{"line":56,"column":23},"end":{"line":64,"column":1}},"31":{"start":{"line":57,"column":17},"end":{"line":57,"column":25}},"32":{"start":{"line":58,"column":4},"end":{"line":63,"column":5}},"33":{"start":{"line":59,"column":24},"end":{"line":59,"column":55}},"34":{"start":{"line":60,"column":8},"end":{"line":60,"column":37}},"35":{"start":{"line":62,"column":8},"end":{"line":62,"column":70}},"36":{"start":{"line":56,"column":13},"end":{"line":56,"column":23}},"37":{"start":{"line":68,"column":30},"end":{"line":82,"column":1}},"38":{"start":{"line":69,"column":15},"end":{"line":69,"column":38}},"39":{"start":{"line":70,"column":4},"end":{"line":81,"column":5}},"40":{"start":{"line":71,"column":23},"end":{"line":71,"column":59}},"41":{"start":{"line":72,"column":8},"end":{"line":72,"column":37}},"42":{"start":{"line":74,"column":9},"end":{"line":80,"column":9}},"43":{"start":{"line":75,"column":12},"end":{"line":75,"column":null}},"44":{"start":{"line":76,"column":15},"end":{"line":80,"column":9}},"45":{"start":{"line":77,"column":12},"end":{"line":77,"column":null}},"46":{"start":{"line":79,"column":12},"end":{"line":79,"column":59}},"47":{"start":{"line":68,"column":13},"end":{"line":68,"column":30}}},"fnMap":{"0":{"name":"(anonymous_9)","decl":{"start":{"line":7,"column":27},"end":{"line":7,"column":32}},"loc":{"start":{"line":7,"column":65},"end":{"line":15,"column":1}}},"1":{"name":"(anonymous_10)","decl":{"start":{"line":18,"column":27},"end":{"line":18,"column":32}},"loc":{"start":{"line":18,"column":65},"end":{"line":32,"column":1}}},"2":{"name":"(anonymous_11)","decl":{"start":{"line":37,"column":26},"end":{"line":37,"column":31}},"loc":{"start":{"line":37,"column":64},"end":{"line":53,"column":1}}},"3":{"name":"(anonymous_12)","decl":{"start":{"line":56,"column":23},"end":{"line":56,"column":28}},"loc":{"start":{"line":56,"column":61},"end":{"line":64,"column":1}}},"4":{"name":"(anonymous_13)","decl":{"start":{"line":68,"column":30},"end":{"line":68,"column":35}},"loc":{"start":{"line":68,"column":68},"end":{"line":82,"column":1}}}},"branchMap":{"0":{"loc":{"start":{"line":24,"column":8},"end":{"line":30,"column":9}},"type":"if","locations":[{"start":{"line":24,"column":8},"end":{"line":30,"column":9}},{"start":{"line":26,"column":15},"end":{"line":30,"column":9}}]},"1":{"loc":{"start":{"line":26,"column":15},"end":{"line":30,"column":9}},"type":"if","locations":[{"start":{"line":26,"column":15},"end":{"line":30,"column":9}},{"start":{"line":28,"column":15},"end":{"line":30,"column":9}}]},"2":{"loc":{"start":{"line":45,"column":8},"end":{"line":51,"column":9}},"type":"if","locations":[{"start":{"line":45,"column":8},"end":{"line":51,"column":9}},{"start":{"line":47,"column":15},"end":{"line":51,"column":9}}]},"3":{"loc":{"start":{"line":47,"column":15},"end":{"line":51,"column":9}},"type":"if","locations":[{"start":{"line":47,"column":15},"end":{"line":51,"column":9}},{"start":{"line":49,"column":15},"end":{"line":51,"column":9}}]},"4":{"loc":{"start":{"line":74,"column":9},"end":{"line":80,"column":9}},"type":"if","locations":[{"start":{"line":74,"column":9},"end":{"line":80,"column":9}},{"start":{"line":76,"column":15},"end":{"line":80,"column":9}}]},"5":{"loc":{"start":{"line":76,"column":15},"end":{"line":80,"column":9}},"type":"if","locations":[{"start":{"line":76,"column":15},"end":{"line":80,"column":9}},{"start":{"line":78,"column":15},"end":{"line":80,"column":9}}]}},"s":{"0":0,"1":0,"2":0,"3":0,"4":0,"5":0,"6":0,"7":0,"8":0,"9":0,"10":0,"11":0,"12":0,"13":0,"14":0,"15":0,"16":0,"17":0,"18":0,"19":0,"20":0,"21":0,"22":0,"23":0,"24":0,"25":0,"26":0,"27":0,"28":0,"29":0,"30":0,"31":0,"32":0,"33":0,"34":0,"35":0,"36":0,"37":0,"38":0,"39":0,"40":0,"41":0,"42":0,"43":0,"44":0,"45":0,"46":0,"47":0},"f":{"0":0,"1":0,"2":0,"3":0,"4":0},"b":{"0":[0,0],"1":[0,0],"2":[0,0],"3":[0,0],"4":[0,0],"5":[0,0]}}
,"C:\\Users\\ADMIN\\Desktop\\expenseTracker\\backend\\src\\db\\config.ts": {"path":"C:\\Users\\ADMIN\\Desktop\\expenseTracker\\backend\\src\\db\\config.ts","statementMap":{"0":{"start":{"line":3,"column":0},"end":{"line":3,"column":28}},"1":{"start":{"line":4,"column":0},"end":{"line":4,"column":28}},"2":{"start":{"line":5,"column":0},"end":{"line":5,"column":26}},"3":{"start":{"line":7,"column":0},"end":{"line":7,"column":16}},"4":{"start":{"line":16,"column":4},"end":{"line":16,"column":15}},"5":{"start":{"line":19,"column":0},"end":{"line":19,"column":33}},"6":{"start":{"line":20,"column":0},"end":{"line":20,"column":59}},"7":{"start":{"line":21,"column":0},"end":{"line":21,"column":67}},"8":{"start":{"line":22,"column":0},"end":{"line":22,"column":57}},"9":{"start":{"line":23,"column":0},"end":{"line":23,"column":63}},"10":{"start":{"line":24,"column":0},"end":{"line":24,"column":55}},"11":{"start":{"line":27,"column":17},"end":{"line":35,"column":2}},"12":{"start":{"line":37,"column":13},"end":{"line":40,"column":2}},"13":{"start":{"line":43,"column":19},"end":{"line":43,"column":37}},"14":{"start":{"line":47,"column":23},"end":{"line":57,"column":1}},"15":{"start":{"line":48,"column":4},"end":{"line":56,"column":5}},"16":{"start":{"line":51,"column":8},"end":{"line":51,"column":43}},"17":{"start":{"line":52,"column":8},"end":{"line":52,"column":26}},"18":{"start":{"line":54,"column":8},"end":{"line":54,"column":90}},"19":{"start":{"line":55,"column":8},"end":{"line":55,"column":18}},"20":{"start":{"line":47,"column":13},"end":{"line":47,"column":23}},"21":{"start":{"line":59,"column":0},"end":{"line":59,"column":26}}},"fnMap":{"0":{"name":"(anonymous_1)","decl":{"start":{"line":47,"column":23},"end":{"line":47,"column":28}},"loc":{"start":{"line":47,"column":34},"end":{"line":57,"column":1}}}},"branchMap":{},"s":{"0":1,"1":1,"2":1,"3":1,"4":1,"5":1,"6":1,"7":1,"8":1,"9":1,"10":1,"11":1,"12":1,"13":1,"14":1,"15":0,"16":0,"17":0,"18":0,"19":0,"20":1,"21":1},"f":{"0":0},"b":{}}
,"C:\\Users\\ADMIN\\Desktop\\expenseTracker\\backend\\src\\repositories\\expense.repositories.ts": {"path":"C:\\Users\\ADMIN\\Desktop\\expenseTracker\\backend\\src\\repositories\\expense.repositories.ts","statementMap":{"0":{"start":{"line":3,"column":0},"end":{"line":3,"column":39}},"1":{"start":{"line":7,"column":27},"end":{"line":12,"column":1}},"2":{"start":{"line":8,"column":19},"end":{"line":8,"column":34}},"3":{"start":{"line":9,"column":23},"end":{"line":9,"column":65}},"4":{"start":{"line":10,"column":8},"end":{"line":10,"column":27}},"5":{"start":{"line":7,"column":13},"end":{"line":7,"column":27}},"6":{"start":{"line":15,"column":26},"end":{"line":25,"column":1}},"7":{"start":{"line":16,"column":72},"end":{"line":16,"column":82}},"8":{"start":{"line":17,"column":18},"end":{"line":17,"column":33}},"9":{"start":{"line":18,"column":8},"end":{"line":23,"column":10}},"10":{"start":{"line":24,"column":10},"end":{"line":24,"column":null}},"11":{"start":{"line":15,"column":13},"end":{"line":15,"column":26}},"12":{"start":{"line":29,"column":30},"end":{"line":33,"column":1}},"13":{"start":{"line":30,"column":17},"end":{"line":30,"column":32}},"14":{"start":{"line":31,"column":19},"end":{"line":31,"column":89}},"15":{"start":{"line":32,"column":4},"end":{"line":32,"column":26}},"16":{"start":{"line":29,"column":13},"end":{"line":29,"column":30}},"17":{"start":{"line":37,"column":33},"end":{"line":41,"column":1}},"18":{"start":{"line":38,"column":17},"end":{"line":38,"column":32}},"19":{"start":{"line":39,"column":4},"end":{"line":39,"column":73}},"20":{"start":{"line":40,"column":4},"end":{"line":40,"column":55}},"21":{"start":{"line":37,"column":13},"end":{"line":37,"column":33}},"22":{"start":{"line":45,"column":29},"end":{"line":52,"column":1}},"23":{"start":{"line":46,"column":64},"end":{"line":46,"column":98}},"24":{"start":{"line":47,"column":19},"end":{"line":47,"column":29}},"25":{"start":{"line":48,"column":17},"end":{"line":48,"column":32}},"26":{"start":{"line":49,"column":4},"end":{"line":50,"column":58}},"27":{"start":{"line":51,"column":4},"end":{"line":51,"column":55}},"28":{"start":{"line":45,"column":13},"end":{"line":45,"column":29}},"29":{"start":{"line":54,"column":26},"end":{"line":60,"column":2}},"30":{"start":{"line":62,"column":0},"end":{"line":62,"column":33}}},"fnMap":{"0":{"name":"(anonymous_0)","decl":{"start":{"line":7,"column":27},"end":{"line":7,"column":32}},"loc":{"start":{"line":7,"column":38},"end":{"line":12,"column":1}}},"1":{"name":"(anonymous_1)","decl":{"start":{"line":15,"column":26},"end":{"line":15,"column":31}},"loc":{"start":{"line":15,"column":60},"end":{"line":25,"column":1}}},"2":{"name":"(anonymous_2)","decl":{"start":{"line":29,"column":30},"end":{"line":29,"column":35}},"loc":{"start":{"line":29,"column":50},"end":{"line":33,"column":1}}},"3":{"name":"(anonymous_3)","decl":{"start":{"line":37,"column":33},"end":{"line":37,"column":38}},"loc":{"start":{"line":37,"column":53},"end":{"line":41,"column":1}}},"4":{"name":"(anonymous_4)","decl":{"start":{"line":45,"column":29},"end":{"line":45,"column":34}},"loc":{"start":{"line":45,"column":67},"end":{"line":52,"column":1}}}},"branchMap":{"0":{"loc":{"start":{"line":46,"column":64},"end":{"line":46,"column":98}},"type":"binary-expr","locations":[{"start":{"line":46,"column":64},"end":{"line":46,"column":92}},{"start":{"line":46,"column":96},"end":{"line":46,"column":98}}]}},"s":{"0":0,"1":0,"2":0,"3":0,"4":0,"5":0,"6":0,"7":0,"8":0,"9":0,"10":0,"11":0,"12":0,"13":0,"14":0,"15":0,"16":0,"17":0,"18":0,"19":0,"20":0,"21":0,"22":0,"23":0,"24":0,"25":0,"26":0,"27":0,"28":0,"29":0,"30":0},"f":{"0":0,"1":0,"2":0,"3":0,"4":0},"b":{"0":[0,0]}}
,"C:\\Users\\ADMIN\\Desktop\\expenseTracker\\backend\\src\\repositories\\user.repositories.ts": {"path":"C:\\Users\\ADMIN\\Desktop\\expenseTracker\\backend\\src\\repositories\\user.repositories.ts","statementMap":{"0":{"start":{"line":3,"column":0},"end":{"line":3,"column":39}},"1":{"start":{"line":7,"column":24},"end":{"line":11,"column":1}},"2":{"start":{"line":8,"column":17},"end":{"line":8,"column":32}},"3":{"start":{"line":9,"column":19},"end":{"line":9,"column":58}},"4":{"start":{"line":10,"column":4},"end":{"line":10,"column":23}},"5":{"start":{"line":7,"column":13},"end":{"line":7,"column":24}},"6":{"start":{"line":14,"column":27},"end":{"line":18,"column":1}},"7":{"start":{"line":15,"column":17},"end":{"line":15,"column":32}},"8":{"start":{"line":16,"column":19},"end":{"line":16,"column":83}},"9":{"start":{"line":17,"column":4},"end":{"line":17,"column":23}},"10":{"start":{"line":14,"column":13},"end":{"line":14,"column":27}},"11":{"start":{"line":21,"column":26},"end":{"line":29,"column":1}},"12":{"start":{"line":22,"column":17},"end":{"line":22,"column":32}},"13":{"start":{"line":23,"column":48},"end":{"line":23,"column":52}},"14":{"start":{"line":24,"column":4},"end":{"line":27,"column":6}},"15":{"start":{"line":28,"column":4},"end":{"line":28,"column":52}},"16":{"start":{"line":21,"column":13},"end":{"line":21,"column":26}},"17":{"start":{"line":32,"column":23},"end":{"line":41,"column":1}},"18":{"start":{"line":33,"column":17},"end":{"line":33,"column":32}},"19":{"start":{"line":34,"column":47},"end":{"line":34,"column":51}},"20":{"start":{"line":35,"column":4},"end":{"line":39,"column":6}},"21":{"start":{"line":40,"column":4},"end":{"line":40,"column":50}},"22":{"start":{"line":32,"column":13},"end":{"line":32,"column":23}},"23":{"start":{"line":47,"column":30},"end":{"line":51,"column":1}},"24":{"start":{"line":48,"column":17},"end":{"line":48,"column":32}},"25":{"start":{"line":49,"column":4},"end":{"line":49,"column":67}},"26":{"start":{"line":50,"column":4},"end":{"line":50,"column":52}},"27":{"start":{"line":47,"column":13},"end":{"line":47,"column":30}}},"fnMap":{"0":{"name":"(anonymous_0)","decl":{"start":{"line":7,"column":24},"end":{"line":7,"column":29}},"loc":{"start":{"line":7,"column":35},"end":{"line":11,"column":1}}},"1":{"name":"(anonymous_1)","decl":{"start":{"line":14,"column":27},"end":{"line":14,"column":32}},"loc":{"start":{"line":14,"column":65},"end":{"line":18,"column":1}}},"2":{"name":"(anonymous_2)","decl":{"start":{"line":21,"column":26},"end":{"line":21,"column":31}},"loc":{"start":{"line":21,"column":65},"end":{"line":29,"column":1}}},"3":{"name":"(anonymous_3)","decl":{"start":{"line":32,"column":23},"end":{"line":32,"column":28}},"loc":{"start":{"line":32,"column":48},"end":{"line":41,"column":1}}},"4":{"name":"(anonymous_4)","decl":{"start":{"line":47,"column":30},"end":{"line":47,"column":35}},"loc":{"start":{"line":47,"column":51},"end":{"line":51,"column":1}}}},"branchMap":{},"s":{"0":1,"1":1,"2":0,"3":0,"4":0,"5":1,"6":1,"7":0,"8":0,"9":0,"10":1,"11":1,"12":0,"13":0,"14":0,"15":0,"16":1,"17":1,"18":0,"19":0,"20":0,"21":0,"22":1,"23":1,"24":0,"25":0,"26":0,"27":1},"f":{"0":0,"1":0,"2":0,"3":0,"4":0},"b":{}}
,"C:\\Users\\ADMIN\\Desktop\\expenseTracker\\backend\\src\\router\\expense.router.ts": {"path":"C:\\Users\\ADMIN\\Desktop\\expenseTracker\\backend\\src\\router\\expense.router.ts","statementMap":{"0":{"start":{"line":3,"column":0},"end":{"line":3,"column":72}},"1":{"start":{"line":5,"column":22},"end":{"line":13,"column":1}},"2":{"start":{"line":6,"column":4},"end":{"line":6,"column":55}},"3":{"start":{"line":7,"column":4},"end":{"line":7,"column":58}},"4":{"start":{"line":8,"column":4},"end":{"line":8,"column":62}},"5":{"start":{"line":10,"column":4},"end":{"line":10,"column":65}},"6":{"start":{"line":12,"column":4},"end":{"line":12,"column":68}},"7":{"start":{"line":15,"column":0},"end":{"line":15,"column":29}}},"fnMap":{"0":{"name":"(anonymous_9)","decl":{"start":{"line":5,"column":22},"end":{"line":5,"column":23}},"loc":{"start":{"line":5,"column":39},"end":{"line":13,"column":1}}}},"branchMap":{},"s":{"0":0,"1":0,"2":0,"3":0,"4":0,"5":0,"6":0,"7":0},"f":{"0":0},"b":{}}
,"C:\\Users\\ADMIN\\Desktop\\expenseTracker\\backend\\src\\router\\user.router.ts": {"path":"C:\\Users\\ADMIN\\Desktop\\expenseTracker\\backend\\src\\router\\user.router.ts","statementMap":{"0":{"start":{"line":3,"column":0},"end":{"line":3,"column":65}},"1":{"start":{"line":5,"column":19},"end":{"line":11,"column":1}},"2":{"start":{"line":6,"column":4},"end":{"line":6,"column":50}},"3":{"start":{"line":7,"column":4},"end":{"line":7,"column":53}},"4":{"start":{"line":8,"column":4},"end":{"line":8,"column":50}},"5":{"start":{"line":9,"column":4},"end":{"line":9,"column":54}},"6":{"start":{"line":10,"column":4},"end":{"line":10,"column":60}},"7":{"start":{"line":13,"column":0},"end":{"line":13,"column":26}}},"fnMap":{"0":{"name":"(anonymous_9)","decl":{"start":{"line":5,"column":19},"end":{"line":5,"column":20}},"loc":{"start":{"line":5,"column":36},"end":{"line":11,"column":1}}}},"branchMap":{},"s":{"0":0,"1":0,"2":0,"3":0,"4":0,"5":0,"6":0,"7":0},"f":{"0":0},"b":{}}
,"C:\\Users\\ADMIN\\Desktop\\expenseTracker\\backend\\src\\services\\expense.service.ts": {"path":"C:\\Users\\ADMIN\\Desktop\\expenseTracker\\backend\\src\\services\\expense.service.ts","statementMap":{"0":{"start":{"line":1,"column":0},"end":{"line":1,"column":39}},"1":{"start":{"line":3,"column":0},"end":{"line":3,"column":71}},"2":{"start":{"line":6,"column":28},"end":{"line":6,"column":74}},"3":{"start":{"line":6,"column":40},"end":{"line":6,"column":74}},"4":{"start":{"line":6,"column":13},"end":{"line":6,"column":28}},"5":{"start":{"line":7,"column":29},"end":{"line":15,"column":1}},"6":{"start":{"line":9,"column":4},"end":{"line":11,"column":5}},"7":{"start":{"line":10,"column":8},"end":{"line":10,"column":69}},"8":{"start":{"line":14,"column":4},"end":{"line":14,"column":49}},"9":{"start":{"line":7,"column":13},"end":{"line":7,"column":29}},"10":{"start":{"line":18,"column":26},"end":{"line":27,"column":1}},"11":{"start":{"line":19,"column":5},"end":{"line":21,"column":5}},"12":{"start":{"line":20,"column":8},"end":{"line":20,"column":46}},"13":{"start":{"line":22,"column":28},"end":{"line":22,"column":67}},"14":{"start":{"line":23,"column":4},"end":{"line":25,"column":5}},"15":{"start":{"line":24,"column":8},"end":{"line":24,"column":45}},"16":{"start":{"line":26,"column":4},"end":{"line":26,"column":27}},"17":{"start":{"line":18,"column":13},"end":{"line":18,"column":26}},"18":{"start":{"line":29,"column":29},"end":{"line":39,"column":1}},"19":{"start":{"line":30,"column":4},"end":{"line":32,"column":5}},"20":{"start":{"line":31,"column":8},"end":{"line":31,"column":46}},"21":{"start":{"line":34,"column":28},"end":{"line":34,"column":67}},"22":{"start":{"line":35,"column":5},"end":{"line":37,"column":5}},"23":{"start":{"line":36,"column":8},"end":{"line":36,"column":45}},"24":{"start":{"line":38,"column":4},"end":{"line":38,"column":54}},"25":{"start":{"line":29,"column":13},"end":{"line":29,"column":29}},"26":{"start":{"line":43,"column":29},"end":{"line":82,"column":1}},"27":{"start":{"line":44,"column":4},"end":{"line":46,"column":5}},"28":{"start":{"line":45,"column":8},"end":{"line":45,"column":46}},"29":{"start":{"line":48,"column":17},"end":{"line":48,"column":32}},"30":{"start":{"line":51,"column":21},"end":{"line":53,"column":null}},"31":{"start":{"line":56,"column":4},"end":{"line":58,"column":5}},"32":{"start":{"line":57,"column":8},"end":{"line":57,"column":45}},"33":{"start":{"line":61,"column":63},"end":{"line":61,"column":73}},"34":{"start":{"line":63,"column":20},"end":{"line":78,"column":null}},"35":{"start":{"line":81,"column":4},"end":{"line":81,"column":27}},"36":{"start":{"line":43,"column":13},"end":{"line":43,"column":29}},"37":{"start":{"line":84,"column":23},"end":{"line":90,"column":2}},"38":{"start":{"line":93,"column":0},"end":{"line":93,"column":30}}},"fnMap":{"0":{"name":"(anonymous_9)","decl":{"start":{"line":6,"column":28},"end":{"line":6,"column":33}},"loc":{"start":{"line":6,"column":40},"end":{"line":6,"column":74}}},"1":{"name":"(anonymous_10)","decl":{"start":{"line":7,"column":29},"end":{"line":7,"column":34}},"loc":{"start":{"line":7,"column":62},"end":{"line":15,"column":1}}},"2":{"name":"(anonymous_11)","decl":{"start":{"line":18,"column":26},"end":{"line":18,"column":31}},"loc":{"start":{"line":18,"column":46},"end":{"line":27,"column":1}}},"3":{"name":"(anonymous_12)","decl":{"start":{"line":29,"column":29},"end":{"line":29,"column":34}},"loc":{"start":{"line":29,"column":49},"end":{"line":39,"column":1}}},"4":{"name":"(anonymous_13)","decl":{"start":{"line":43,"column":29},"end":{"line":43,"column":34}},"loc":{"start":{"line":43,"column":79},"end":{"line":82,"column":1}}}},"branchMap":{"0":{"loc":{"start":{"line":9,"column":4},"end":{"line":11,"column":5}},"type":"if","locations":[{"start":{"line":9,"column":4},"end":{"line":11,"column":5}},{"start":{},"end":{}}]},"1":{"loc":{"start":{"line":19,"column":5},"end":{"line":21,"column":5}},"type":"if","locations":[{"start":{"line":19,"column":5},"end":{"line":21,"column":5}},{"start":{},"end":{}}]},"2":{"loc":{"start":{"line":23,"column":4},"end":{"line":25,"column":5}},"type":"if","locations":[{"start":{"line":23,"column":4},"end":{"line":25,"column":5}},{"start":{},"end":{}}]},"3":{"loc":{"start":{"line":30,"column":4},"end":{"line":32,"column":5}},"type":"if","locations":[{"start":{"line":30,"column":4},"end":{"line":32,"column":5}},{"start":{},"end":{}}]},"4":{"loc":{"start":{"line":35,"column":5},"end":{"line":37,"column":5}},"type":"if","locations":[{"start":{"line":35,"column":5},"end":{"line":37,"column":5}},{"start":{},"end":{}}]},"5":{"loc":{"start":{"line":44,"column":4},"end":{"line":46,"column":5}},"type":"if","locations":[{"start":{"line":44,"column":4},"end":{"line":46,"column":5}},{"start":{},"end":{}}]},"6":{"loc":{"start":{"line":56,"column":4},"end":{"line":58,"column":5}},"type":"if","locations":[{"start":{"line":56,"column":4},"end":{"line":58,"column":5}},{"start":{},"end":{}}]}},"s":{"0":0,"1":0,"2":0,"3":0,"4":0,"5":0,"6":0,"7":0,"8":0,"9":0,"10":0,"11":0,"12":0,"13":0,"14":0,"15":0,"16":0,"17":0,"18":0,"19":0,"20":0,"21":0,"22":0,"23":0,"24":0,"25":0,"26":0,"27":0,"28":0,"29":0,"30":0,"31":0,"32":0,"33":0,"34":0,"35":0,"36":0,"37":0,"38":0},"f":{"0":0,"1":0,"2":0,"3":0,"4":0},"b":{"0":[0,0],"1":[0,0],"2":[0,0],"3":[0,0],"4":[0,0],"5":[0,0],"6":[0,0]}}
,"C:\\Users\\ADMIN\\Desktop\\expenseTracker\\backend\\src\\services\\user.service.ts": {"path":"C:\\Users\\ADMIN\\Desktop\\expenseTracker\\backend\\src\\services\\user.service.ts","statementMap":{"0":{"start":{"line":3,"column":0},"end":{"line":3,"column":68}},"1":{"start":{"line":6,"column":25},"end":{"line":6,"column":68}},"2":{"start":{"line":6,"column":37},"end":{"line":6,"column":68}},"3":{"start":{"line":6,"column":13},"end":{"line":6,"column":25}},"4":{"start":{"line":8,"column":23},"end":{"line":13,"column":1}},"5":{"start":{"line":9,"column":4},"end":{"line":11,"column":5}},"6":{"start":{"line":10,"column":8},"end":{"line":10,"column":43}},"7":{"start":{"line":12,"column":4},"end":{"line":12,"column":38}},"8":{"start":{"line":8,"column":13},"end":{"line":8,"column":23}},"9":{"start":{"line":16,"column":27},"end":{"line":21,"column":1}},"10":{"start":{"line":17,"column":4},"end":{"line":19,"column":5}},"11":{"start":{"line":18,"column":8},"end":{"line":18,"column":43}},"12":{"start":{"line":20,"column":4},"end":{"line":20,"column":38}},"13":{"start":{"line":16,"column":13},"end":{"line":16,"column":27}},"14":{"start":{"line":24,"column":26},"end":{"line":30,"column":1}},"15":{"start":{"line":25,"column":4},"end":{"line":27,"column":5}},"16":{"start":{"line":26,"column":8},"end":{"line":26,"column":43}},"17":{"start":{"line":28,"column":4},"end":{"line":28,"column":31}},"18":{"start":{"line":29,"column":4},"end":{"line":29,"column":53}},"19":{"start":{"line":24,"column":13},"end":{"line":24,"column":26}},"20":{"start":{"line":33,"column":23},"end":{"line":34,"column":38}},"21":{"start":{"line":34,"column":4},"end":{"line":34,"column":38}},"22":{"start":{"line":33,"column":13},"end":{"line":33,"column":23}},"23":{"start":{"line":37,"column":30},"end":{"line":43,"column":1}},"24":{"start":{"line":38,"column":4},"end":{"line":40,"column":5}},"25":{"start":{"line":39,"column":8},"end":{"line":39,"column":43}},"26":{"start":{"line":41,"column":4},"end":{"line":41,"column":31}},"27":{"start":{"line":42,"column":4},"end":{"line":42,"column":51}},"28":{"start":{"line":37,"column":13},"end":{"line":37,"column":30}},"29":{"start":{"line":47,"column":25},"end":{"line":53,"column":1}},"30":{"start":{"line":48,"column":17},"end":{"line":48,"column":53}},"31":{"start":{"line":49,"column":4},"end":{"line":51,"column":5}},"32":{"start":{"line":50,"column":8},"end":{"line":50,"column":42}},"33":{"start":{"line":52,"column":4},"end":{"line":52,"column":16}}},"fnMap":{"0":{"name":"(anonymous_9)","decl":{"start":{"line":6,"column":25},"end":{"line":6,"column":30}},"loc":{"start":{"line":6,"column":37},"end":{"line":6,"column":68}}},"1":{"name":"(anonymous_10)","decl":{"start":{"line":8,"column":23},"end":{"line":8,"column":28}},"loc":{"start":{"line":8,"column":44},"end":{"line":13,"column":1}}},"2":{"name":"(anonymous_11)","decl":{"start":{"line":16,"column":27},"end":{"line":16,"column":32}},"loc":{"start":{"line":16,"column":48},"end":{"line":21,"column":1}}},"3":{"name":"(anonymous_12)","decl":{"start":{"line":24,"column":26},"end":{"line":24,"column":31}},"loc":{"start":{"line":24,"column":65},"end":{"line":30,"column":1}}},"4":{"name":"(anonymous_13)","decl":{"start":{"line":33,"column":23},"end":{"line":33,"column":28}},"loc":{"start":{"line":34,"column":4},"end":{"line":34,"column":38}}},"5":{"name":"(anonymous_14)","decl":{"start":{"line":37,"column":30},"end":{"line":37,"column":35}},"loc":{"start":{"line":37,"column":51},"end":{"line":43,"column":1}}},"6":{"name":"(anonymous_15)","decl":{"start":{"line":47,"column":25},"end":{"line":47,"column":30}},"loc":{"start":{"line":47,"column":46},"end":{"line":53,"column":1}}}},"branchMap":{"0":{"loc":{"start":{"line":9,"column":4},"end":{"line":11,"column":5}},"type":"if","locations":[{"start":{"line":9,"column":4},"end":{"line":11,"column":5}},{"start":{},"end":{}}]},"1":{"loc":{"start":{"line":9,"column":8},"end":{"line":9,"column":28}},"type":"binary-expr","locations":[{"start":{"line":9,"column":8},"end":{"line":9,"column":17}},{"start":{"line":9,"column":21},"end":{"line":9,"column":28}}]},"2":{"loc":{"start":{"line":17,"column":4},"end":{"line":19,"column":5}},"type":"if","locations":[{"start":{"line":17,"column":4},"end":{"line":19,"column":5}},{"start":{},"end":{}}]},"3":{"loc":{"start":{"line":17,"column":8},"end":{"line":17,"column":28}},"type":"binary-expr","locations":[{"start":{"line":17,"column":8},"end":{"line":17,"column":17}},{"start":{"line":17,"column":21},"end":{"line":17,"column":28}}]},"4":{"loc":{"start":{"line":25,"column":4},"end":{"line":27,"column":5}},"type":"if","locations":[{"start":{"line":25,"column":4},"end":{"line":27,"column":5}},{"start":{},"end":{}}]},"5":{"loc":{"start":{"line":25,"column":8},"end":{"line":25,"column":28}},"type":"binary-expr","locations":[{"start":{"line":25,"column":8},"end":{"line":25,"column":17}},{"start":{"line":25,"column":21},"end":{"line":25,"column":28}}]},"6":{"loc":{"start":{"line":38,"column":4},"end":{"line":40,"column":5}},"type":"if","locations":[{"start":{"line":38,"column":4},"end":{"line":40,"column":5}},{"start":{},"end":{}}]},"7":{"loc":{"start":{"line":38,"column":8},"end":{"line":38,"column":28}},"type":"binary-expr","locations":[{"start":{"line":38,"column":8},"end":{"line":38,"column":17}},{"start":{"line":38,"column":21},"end":{"line":38,"column":28}}]},"8":{"loc":{"start":{"line":49,"column":4},"end":{"line":51,"column":5}},"type":"if","locations":[{"start":{"line":49,"column":4},"end":{"line":51,"column":5}},{"start":{},"end":{}}]}},"s":{"0":1,"1":1,"2":1,"3":1,"4":1,"5":0,"6":0,"7":0,"8":1,"9":1,"10":5,"11":3,"12":2,"13":1,"14":1,"15":1,"16":0,"17":1,"18":1,"19":1,"20":1,"21":1,"22":1,"23":1,"24":1,"25":0,"26":1,"27":1,"28":1,"29":1,"30":4,"31":4,"32":1,"33":3},"f":{"0":1,"1":0,"2":5,"3":1,"4":1,"5":1,"6":4},"b":{"0":[0,0],"1":[0,0],"2":[3,2],"3":[5,4],"4":[0,1],"5":[1,1],"6":[0,1],"7":[1,1],"8":[1,3]}}
}
